#
# There is insufficient memory for the Java Runtime Environment to continue.
# Native memory allocation (mmap) failed to map 134217728 bytes for committing reserved memory.
# Possible reasons:
#   The system is out of physical RAM or swap space
#   The process is running with CompressedOops enabled, and the Java Heap may be blocking the growth of the native heap
# Possible solutions:
#   Reduce memory load on the system
#   Increase physical memory or swap space
#   Check if swap backing store is full
#   Decrease Java heap size (-Xmx/-Xms)
#   Decrease number of Java threads
#   Decrease Java thread stack sizes (-Xss)
#   Set larger code cache with -XX:ReservedCodeCacheSize=
#   JVM is running with Unscaled Compressed Oops mode in which the Java heap is
#     placed in the first 4GB address space. The Java Heap base address is the
#     maximum limit for the native heap growth. Please use -XX:HeapBaseMinAddress
#     to set the Java Heap base and to place the Java Heap above 4GB virtual address.
# This output file may be truncated or incomplete.
#
#  Out of Memory Error (os_linux.cpp:2718), pid=21666, tid=21677
#
# JRE version: OpenJDK Runtime Environment (11.0.3+12) (build 11.0.3+12-b304.10)
# Java VM: OpenJDK 64-Bit Server VM (11.0.3+12-b304.10, mixed mode, tiered, compressed oops, g1 gc, linux-amd64)
# Core dump will be written. Default location: Core dumps may be processed with "/usr/share/apport/apport %p %s %c %d %P" (or dumping to /projects/hackerrank/core.21666)
#

---------------  S U M M A R Y ------------

Command Line: -Djline.terminal=jline.UnsupportedTerminal -Dsbt.log.noformat=true -Dfile.encoding=UTF-8 -Didea.managed=true -Dfile.encoding=UTF-8 /home/suheylz/.IdeaIC2019.2/config/plugins/Scala/launcher/sbt-launch.jar

Host: Intel(R) Core(TM) i7-4710MQ CPU @ 2.50GHz, 2 cores, 1G, Ubuntu 18.04.2 LTS
Time: Tue Jul 30 00:54:23 2019 PDT elapsed time: 66 seconds (0d 0h 1m 6s)

---------------  T H R E A D  ---------------

Current thread (0x00007ff15c127800):  VMThread "VM Thread" [stack: 0x00007ff14008f000,0x00007ff14018f000] [id=21677]

Stack: [0x00007ff14008f000,0x00007ff14018f000],  sp=0x00007ff14018d010,  free space=1016k
Native frames: (J=compiled Java code, A=aot compiled Java code, j=interpreted, Vv=VM code, C=native code)
V  [libjvm.so+0xd96b9a]  VMError::report_and_die(int, char const*, char const*, __va_list_tag*, Thread*, unsigned char*, void*, void*, char const*, int, unsigned long)+0x18a
V  [libjvm.so+0xd97a33]  VMError::report_and_die(Thread*, char const*, int, unsigned long, VMErrorType, char const*, __va_list_tag*)+0x43
V  [libjvm.so+0x698cb8]  report_vm_out_of_memory(char const*, int, unsigned long, VMErrorType, char const*, ...)+0xe8
V  [libjvm.so+0xb9da59]  os::pd_commit_memory_or_exit(char*, unsigned long, unsigned long, bool, char const*)+0xe9
V  [libjvm.so+0xb9558d]  os::commit_memory_or_exit(char*, unsigned long, unsigned long, bool, char const*)+0x1d
V  [libjvm.so+0x7a04b1]  G1PageBasedVirtualSpace::commit_preferred_pages(unsigned long, unsigned long)+0x71
V  [libjvm.so+0x7a0605]  G1PageBasedVirtualSpace::commit_internal(unsigned long, unsigned long)+0x85
V  [libjvm.so+0x7a07fa]  G1PageBasedVirtualSpace::commit(unsigned long, unsigned long)+0x10a
V  [libjvm.so+0x7a80b6]  G1RegionsLargerThanCommitSizeMapper::commit_regions(unsigned int, unsigned long, WorkGang*)+0x46
V  [libjvm.so+0x8108d8]  HeapRegionManager::commit_regions(unsigned int, unsigned long, WorkGang*)+0x88
V  [libjvm.so+0x811434]  HeapRegionManager::make_regions_available(unsigned int, unsigned int, WorkGang*)+0x34
V  [libjvm.so+0x811939]  HeapRegionManager::expand_by(unsigned int, WorkGang*)+0x79
V  [libjvm.so+0x764100]  G1CollectedHeap::expand(unsigned long, WorkGang*, double*)+0xc0
V  [libjvm.so+0x767f87]  G1CollectedHeap::do_collection_pause_at_safepoint(double)+0xac7
V  [libjvm.so+0xda0c52]  VM_G1CollectForAllocation::doit()+0x82
V  [libjvm.so+0xd9fc60]  VM_Operation::evaluate()+0xe0
V  [libjvm.so+0xd9d7f7]  VMThread::evaluate_operation(VM_Operation*)+0xc7
V  [libjvm.so+0xd9dbf4]  VMThread::loop()+0x244
V  [libjvm.so+0xd9e09d]  VMThread::run()+0x6d
V  [libjvm.so+0xd359b6]  Thread::call_run()+0x146
V  [libjvm.so+0xba3468]  thread_native_entry(Thread*)+0xf8

VM_Operation (0x00007ff1033a8c30): G1CollectForAllocation, mode: safepoint, requested by thread 0x00007ff13c17f000


---------------  P R O C E S S  ---------------

Threads class SMR info:
_java_thread_list=0x00007ff1100162f0, length=30, elements={
0x00007ff15c012000, 0x00007ff15c130000, 0x00007ff15c134000, 0x00007ff15c147000,
0x00007ff15c149000, 0x00007ff15c14b000, 0x00007ff15c14d000, 0x00007ff15c1e9800,
0x00007ff15c1f3000, 0x00007ff15cc47000, 0x00007ff114648800, 0x00007ff114751800,
0x00007ff114753000, 0x00007ff114754800, 0x00007ff114815800, 0x00007ff114816800,
0x00007ff11509e800, 0x00007ff12408d800, 0x00007ff104025000, 0x00007ff10402a800,
0x00007ff15cbbd000, 0x00007ff15d668800, 0x00007ff15d669000, 0x00007ff13c028000,
0x00007ff13c029800, 0x0000000000889000, 0x00007ff13c17f000, 0x00007ff13c183000,
0x00007ff13c186800, 0x00007ff110015000
}

Java Threads: ( => current thread )
  0x00007ff15c012000 JavaThread "main" [_thread_blocked, id=21671, stack(0x00007ff163365000,0x00007ff163466000)]
  0x00007ff15c130000 JavaThread "Reference Handler" daemon [_thread_blocked, id=21678, stack(0x00007ff12beff000,0x00007ff12c000000)]
  0x00007ff15c134000 JavaThread "Finalizer" daemon [_thread_blocked, id=21679, stack(0x00007ff12bdfe000,0x00007ff12beff000)]
  0x00007ff15c147000 JavaThread "Signal Dispatcher" daemon [_thread_blocked, id=21680, stack(0x00007ff12b32e000,0x00007ff12b42f000)]
  0x00007ff15c149000 JavaThread "C2 CompilerThread0" daemon [_thread_blocked, id=21681, stack(0x00007ff12b22d000,0x00007ff12b32e000)]
  0x00007ff15c14b000 JavaThread "C1 CompilerThread0" daemon [_thread_blocked, id=21682, stack(0x00007ff12b12c000,0x00007ff12b22d000)]
  0x00007ff15c14d000 JavaThread "Sweeper thread" daemon [_thread_blocked, id=21683, stack(0x00007ff12b02b000,0x00007ff12b12c000)]
  0x00007ff15c1e9800 JavaThread "Service Thread" daemon [_thread_blocked, id=21684, stack(0x00007ff12af2a000,0x00007ff12b02b000)]
  0x00007ff15c1f3000 JavaThread "Common-Cleaner" daemon [_thread_blocked, id=21686, stack(0x00007ff12ad27000,0x00007ff12ae28000)]
  0x00007ff15cc47000 JavaThread "Log4j2-TF-1-AsyncLogger[AsyncContext@7c729a55]-1" daemon [_thread_blocked, id=21695, stack(0x00007ff1294f0000,0x00007ff1295f1000)]
  0x00007ff114648800 JavaThread "pool-4-thread-1" [_thread_blocked, id=21729, stack(0x00007ff10abfa000,0x00007ff10acfb000)]
  0x00007ff114751800 JavaThread "pool-4-thread-2" [_thread_blocked, id=21730, stack(0x00007ff10aaf9000,0x00007ff10abfa000)]
  0x00007ff114753000 JavaThread "pool-4-thread-3" [_thread_blocked, id=21731, stack(0x00007ff10a9f8000,0x00007ff10aaf9000)]
  0x00007ff114754800 JavaThread "pool-4-thread-4" [_thread_blocked, id=21732, stack(0x00007ff10a8f7000,0x00007ff10a9f8000)]
  0x00007ff114815800 JavaThread "pool-4-thread-5" [_thread_blocked, id=21733, stack(0x00007ff10a7f6000,0x00007ff10a8f7000)]
  0x00007ff114816800 JavaThread "pool-4-thread-6" [_thread_blocked, id=21734, stack(0x00007ff10a6f5000,0x00007ff10a7f6000)]
  0x00007ff11509e800 JavaThread "process reaper" daemon [_thread_blocked, id=21736, stack(0x00007ff1632cb000,0x00007ff1632ed000)]
  0x00007ff12408d800 JavaThread "scala-execution-context-global-29" daemon [_thread_blocked, id=21739, stack(0x00007ff109fdb000,0x00007ff10a0dc000)]
  0x00007ff104025000 JavaThread "scala-execution-context-global-30" daemon [_thread_blocked, id=21740, stack(0x00007ff109eda000,0x00007ff109fdb000)]
  0x00007ff10402a800 JavaThread "scala-execution-context-global-31" daemon [_thread_blocked, id=21741, stack(0x00007ff109dd9000,0x00007ff109eda000)]
  0x00007ff15cbbd000 JavaThread "sbt-socket-server" [_thread_in_native, id=21750, stack(0x00007ff10b5fc000,0x00007ff10b6fd000)]
  0x00007ff15d668800 JavaThread "pool-8-thread-1" [_thread_blocked, id=21756, stack(0x00007ff10b9fe000,0x00007ff10baff000)]
  0x00007ff15d669000 JavaThread "pool-8-thread-2" [_thread_blocked, id=21757, stack(0x00007ff10b4fb000,0x00007ff10b5fc000)]
  0x00007ff13c028000 JavaThread "pool-8-thread-3" [_thread_blocked, id=21758, stack(0x00007ff10baff000,0x00007ff10bc00000)]
  0x00007ff13c029800 JavaThread "pool-8-thread-4" [_thread_blocked, id=21759, stack(0x00007ff10b6fd000,0x00007ff10b7fe000)]
  0x0000000000889000 JavaThread "pool-8-thread-5" [_thread_blocked, id=21760, stack(0x00007ff1082d5000,0x00007ff1083d6000)]
  0x00007ff13c17f000 JavaThread "OkHttp repo1.maven.org" [_thread_blocked, id=21761, stack(0x00007ff1032ab000,0x00007ff1033ac000)]
  0x00007ff13c183000 JavaThread "OkHttp ConnectionPool" daemon [_thread_blocked, id=21762, stack(0x00007ff1031aa000,0x00007ff1032ab000)]
  0x00007ff13c186800 JavaThread "Okio Watchdog" daemon [_thread_blocked, id=21763, stack(0x00007ff1030a9000,0x00007ff1031aa000)]
  0x00007ff110015000 JavaThread "OkHttp Http2Connection" daemon [_thread_blocked, id=21764, stack(0x00007ff102fa8000,0x00007ff1030a9000)]

Other Threads:
=>0x00007ff15c127800 VMThread "VM Thread" [stack: 0x00007ff14008f000,0x00007ff14018f000] [id=21677]
  0x00007ff15c1ec000 WatcherThread [stack: 0x00007ff12ae2a000,0x00007ff12af2a000] [id=21685]
  0x00007ff15c028800 GCTaskThread "GC Thread#0" [stack: 0x00007ff148446000,0x00007ff148546000] [id=21672]
  0x00007ff130001000 GCTaskThread "GC Thread#1" [stack: 0x00007ff12a7fe000,0x00007ff12a8fe000] [id=21687]
  0x00007ff15c038800 ConcurrentGCThread "G1 Main Marker" [stack: 0x00007ff142e99000,0x00007ff142f99000] [id=21673]
  0x00007ff15c03a000 ConcurrentGCThread "G1 Conc#0" [stack: 0x00007ff142d97000,0x00007ff142e97000] [id=21674]
  0x00007ff15c05d000 ConcurrentGCThread "G1 Refine#0" [stack: 0x00007ff140a93000,0x00007ff140b93000] [id=21675]
  0x00007ff15c05f000 ConcurrentGCThread "G1 Young RemSet Sampling" [stack: 0x00007ff140991000,0x00007ff140a91000] [id=21676]

Threads with active compile tasks:
C2 CompilerThread013539       4       java.nio.HeapByteBuffer::put (54 bytes)
C1 CompilerThread013552  s    1       java.io.ByteArrayOutputStream::reset (6 bytes)

VM state:at safepoint (normal execution)

VM Mutex/Monitor currently owned by a thread:  ([mutex/lock_event])
[0x00007ff15c00e660] Threads_lock - owner thread: 0x00007ff15c127800
[0x00007ff15c00edb0] Heap_lock - owner thread: 0x00007ff13c17f000

Heap address: 0x00000000e1200000, size: 494 MB, Compressed Oops mode: 32-bit
Narrow klass base: 0x0000000000000000, Narrow klass shift: 3
Compressed class space size: 1073741824 Address: 0x0000000100000000

Heap:
 garbage-first heap   total 268288K, used 64118K [0x00000000e1200000, 0x0000000100000000)
  region size 1024K, 1 young (1024K), 1 survivors (1024K)
 Metaspace       used 104279K, capacity 110632K, committed 111100K, reserved 1142784K
  class space    used 15136K, capacity 18550K, committed 18684K, reserved 1048576K
Heap Regions: E=young(eden), S=young(survivor), O=old, HS=humongous(starts), HC=humongous(continues), CS=collection set, F=free, A=archive, TAMS=top-at-mark-start (previous, next)
|   0|0x00000000e1200000, 0x00000000e12fffd0, 0x00000000e1300000| 99%| O|  |TAMS 0x00000000e12fffd0, 0x00000000e1200000| Untracked 
|   1|0x00000000e1300000, 0x00000000e13ffff8, 0x00000000e1400000| 99%| O|  |TAMS 0x00000000e13ffff8, 0x00000000e1300000| Untracked 
|   2|0x00000000e1400000, 0x00000000e14ffdc8, 0x00000000e1500000| 99%| O|  |TAMS 0x00000000e14ffdc8, 0x00000000e1400000| Untracked 
|   3|0x00000000e1500000, 0x00000000e1600000, 0x00000000e1600000|100%| O|  |TAMS 0x00000000e1600000, 0x00000000e1500000| Untracked 
|   4|0x00000000e1600000, 0x00000000e16ffff8, 0x00000000e1700000| 99%| O|  |TAMS 0x00000000e16ffff8, 0x00000000e1600000| Untracked 
|   5|0x00000000e1700000, 0x00000000e17fffb8, 0x00000000e1800000| 99%| O|  |TAMS 0x00000000e17fffb8, 0x00000000e1700000| Untracked 
|   6|0x00000000e1800000, 0x00000000e18fffe0, 0x00000000e1900000| 99%| O|  |TAMS 0x00000000e18fffe0, 0x00000000e1800000| Untracked 
|   7|0x00000000e1900000, 0x00000000e19fffd0, 0x00000000e1a00000| 99%| O|  |TAMS 0x00000000e19fffd0, 0x00000000e1900000| Untracked 
|   8|0x00000000e1a00000, 0x00000000e1ac07d0, 0x00000000e1b00000| 75%| O|  |TAMS 0x00000000e1ac07d0, 0x00000000e1a00000| Untracked 
|   9|0x00000000e1b00000, 0x00000000e1bffe20, 0x00000000e1c00000| 99%| O|  |TAMS 0x00000000e1bffe20, 0x00000000e1b00000| Untracked 
|  10|0x00000000e1c00000, 0x00000000e1d00000, 0x00000000e1d00000|100%| O|  |TAMS 0x00000000e1d00000, 0x00000000e1c00000| Untracked 
|  11|0x00000000e1d00000, 0x00000000e1e00000, 0x00000000e1e00000|100%| O|  |TAMS 0x00000000e1e00000, 0x00000000e1d00000| Untracked 
|  12|0x00000000e1e00000, 0x00000000e1effff0, 0x00000000e1f00000| 99%| O|  |TAMS 0x00000000e1effff0, 0x00000000e1e00000| Untracked 
|  13|0x00000000e1f00000, 0x00000000e2000000, 0x00000000e2000000|100%| O|  |TAMS 0x00000000e2000000, 0x00000000e1f00000| Untracked 
|  14|0x00000000e2000000, 0x00000000e20fffe8, 0x00000000e2100000| 99%| O|  |TAMS 0x00000000e20fffe8, 0x00000000e2000000| Untracked 
|  15|0x00000000e2100000, 0x00000000e21ffc48, 0x00000000e2200000| 99%| O|  |TAMS 0x00000000e21ffc48, 0x00000000e2100000| Untracked 
|  16|0x00000000e2200000, 0x00000000e22fffe8, 0x00000000e2300000| 99%| O|  |TAMS 0x00000000e22fffe8, 0x00000000e2200000| Untracked 
|  17|0x00000000e2300000, 0x00000000e23ffff0, 0x00000000e2400000| 99%| O|  |TAMS 0x00000000e23ffff0, 0x00000000e2300000| Untracked 
|  18|0x00000000e2400000, 0x00000000e2500000, 0x00000000e2500000|100%| O|  |TAMS 0x00000000e2500000, 0x00000000e2400000| Untracked 
|  19|0x00000000e2500000, 0x00000000e2600000, 0x00000000e2600000|100%| O|  |TAMS 0x00000000e2600000, 0x00000000e2500000| Untracked 
|  20|0x00000000e2600000, 0x00000000e26ff788, 0x00000000e2700000| 99%| O|  |TAMS 0x00000000e26ff788, 0x00000000e2600000| Untracked 
|  21|0x00000000e2700000, 0x00000000e27ffff0, 0x00000000e2800000| 99%| O|  |TAMS 0x00000000e27ffff0, 0x00000000e2700000| Untracked 
|  22|0x00000000e2800000, 0x00000000e2900000, 0x00000000e2900000|100%| O|  |TAMS 0x00000000e2900000, 0x00000000e2800000| Untracked 
|  23|0x00000000e2900000, 0x00000000e2a00000, 0x00000000e2a00000|100%| O|  |TAMS 0x00000000e2a00000, 0x00000000e2900000| Untracked 
|  24|0x00000000e2a00000, 0x00000000e2b00000, 0x00000000e2b00000|100%| O|  |TAMS 0x00000000e2b00000, 0x00000000e2a00000| Untracked 
|  25|0x00000000e2b00000, 0x00000000e2c00000, 0x00000000e2c00000|100%| O|  |TAMS 0x00000000e2c00000, 0x00000000e2b00000| Untracked 
|  26|0x00000000e2c00000, 0x00000000e2d00000, 0x00000000e2d00000|100%| O|  |TAMS 0x00000000e2d00000, 0x00000000e2c00000| Untracked 
|  27|0x00000000e2d00000, 0x00000000e2e00000, 0x00000000e2e00000|100%| O|  |TAMS 0x00000000e2e00000, 0x00000000e2d00000| Untracked 
|  28|0x00000000e2e00000, 0x00000000e2f00000, 0x00000000e2f00000|100%| O|  |TAMS 0x00000000e2e00000, 0x00000000e2e00000| Untracked 
|  29|0x00000000e2f00000, 0x00000000e3000000, 0x00000000e3000000|100%| O|  |TAMS 0x00000000e2f00000, 0x00000000e2f00000| Untracked 
|  30|0x00000000e3000000, 0x00000000e3100000, 0x00000000e3100000|100%| O|  |TAMS 0x00000000e3100000, 0x00000000e3000000| Untracked 
|  31|0x00000000e3100000, 0x00000000e3200000, 0x00000000e3200000|100%| O|  |TAMS 0x00000000e3100000, 0x00000000e3100000| Untracked 
|  32|0x00000000e3200000, 0x00000000e3300000, 0x00000000e3300000|100%| O|  |TAMS 0x00000000e3200000, 0x00000000e3200000| Untracked 
|  33|0x00000000e3300000, 0x00000000e3400000, 0x00000000e3400000|100%| O|  |TAMS 0x00000000e3400000, 0x00000000e3300000| Untracked 
|  34|0x00000000e3400000, 0x00000000e3500000, 0x00000000e3500000|100%| O|  |TAMS 0x00000000e3500000, 0x00000000e3400000| Untracked 
|  35|0x00000000e3500000, 0x00000000e3600000, 0x00000000e3600000|100%| O|  |TAMS 0x00000000e3600000, 0x00000000e3500000| Untracked 
|  36|0x00000000e3600000, 0x00000000e3700000, 0x00000000e3700000|100%| O|  |TAMS 0x00000000e3700000, 0x00000000e3600000| Untracked 
|  37|0x00000000e3700000, 0x00000000e3800000, 0x00000000e3800000|100%| O|  |TAMS 0x00000000e3700000, 0x00000000e3700000| Untracked 
|  38|0x00000000e3800000, 0x00000000e3900000, 0x00000000e3900000|100%| O|  |TAMS 0x00000000e3900000, 0x00000000e3800000| Untracked 
|  39|0x00000000e3900000, 0x00000000e3a00000, 0x00000000e3a00000|100%| O|  |TAMS 0x00000000e3a00000, 0x00000000e3900000| Untracked 
|  40|0x00000000e3a00000, 0x00000000e3b00000, 0x00000000e3b00000|100%| O|  |TAMS 0x00000000e3a00000, 0x00000000e3a00000| Untracked 
|  41|0x00000000e3b00000, 0x00000000e3c00000, 0x00000000e3c00000|100%| O|  |TAMS 0x00000000e3b00000, 0x00000000e3b00000| Untracked 
|  42|0x00000000e3c00000, 0x00000000e3d00000, 0x00000000e3d00000|100%| O|  |TAMS 0x00000000e3c00000, 0x00000000e3c00000| Untracked 
|  43|0x00000000e3d00000, 0x00000000e3e00000, 0x00000000e3e00000|100%|HS|  |TAMS 0x00000000e3d00000, 0x00000000e3d00000| Complete 
|  44|0x00000000e3e00000, 0x00000000e3f00000, 0x00000000e3f00000|100%|HC|  |TAMS 0x00000000e3e00000, 0x00000000e3e00000| Complete 
|  45|0x00000000e3f00000, 0x00000000e4000000, 0x00000000e4000000|100%| O|  |TAMS 0x00000000e4000000, 0x00000000e3f00000| Untracked 
|  46|0x00000000e4000000, 0x00000000e4100000, 0x00000000e4100000|100%| O|  |TAMS 0x00000000e4000000, 0x00000000e4000000| Untracked 
|  47|0x00000000e4100000, 0x00000000e4200000, 0x00000000e4200000|100%| O|  |TAMS 0x00000000e41c0000, 0x00000000e4100000| Untracked 
|  48|0x00000000e4200000, 0x00000000e4300000, 0x00000000e4300000|100%| O|  |TAMS 0x00000000e4200000, 0x00000000e4200000| Untracked 
|  49|0x00000000e4300000, 0x00000000e4400000, 0x00000000e4400000|100%| O|  |TAMS 0x00000000e4300000, 0x00000000e4300000| Untracked 
|  50|0x00000000e4400000, 0x00000000e4500000, 0x00000000e4500000|100%| O|  |TAMS 0x00000000e4400000, 0x00000000e4400000| Untracked 
|  51|0x00000000e4500000, 0x00000000e4600000, 0x00000000e4600000|100%| O|  |TAMS 0x00000000e4500000, 0x00000000e4500000| Untracked 
|  52|0x00000000e4600000, 0x00000000e4700000, 0x00000000e4700000|100%| O|  |TAMS 0x00000000e4600000, 0x00000000e4600000| Untracked 
|  53|0x00000000e4700000, 0x00000000e4800000, 0x00000000e4800000|100%| O|  |TAMS 0x00000000e4700000, 0x00000000e4700000| Untracked 
|  54|0x00000000e4800000, 0x00000000e4900000, 0x00000000e4900000|100%| O|  |TAMS 0x00000000e4800000, 0x00000000e4800000| Untracked 
|  55|0x00000000e4900000, 0x00000000e4a00000, 0x00000000e4a00000|100%| O|  |TAMS 0x00000000e4900000, 0x00000000e4900000| Untracked 
|  56|0x00000000e4a00000, 0x00000000e4b00000, 0x00000000e4b00000|100%| O|  |TAMS 0x00000000e4a00000, 0x00000000e4a00000| Untracked 
|  57|0x00000000e4b00000, 0x00000000e4c00000, 0x00000000e4c00000|100%| O|  |TAMS 0x00000000e4b00000, 0x00000000e4b00000| Untracked 
|  58|0x00000000e4c00000, 0x00000000e4d00000, 0x00000000e4d00000|100%| O|  |TAMS 0x00000000e4c00000, 0x00000000e4c00000| Untracked 
|  59|0x00000000e4d00000, 0x00000000e4e00000, 0x00000000e4e00000|100%| O|  |TAMS 0x00000000e4d00000, 0x00000000e4d00000| Untracked 
|  60|0x00000000e4e00000, 0x00000000e4f00000, 0x00000000e4f00000|100%| O|  |TAMS 0x00000000e4e00000, 0x00000000e4e00000| Untracked 
|  61|0x00000000e4f00000, 0x00000000e5000000, 0x00000000e5000000|100%| O|  |TAMS 0x00000000e4f00000, 0x00000000e4f00000| Untracked 
|  62|0x00000000e5000000, 0x00000000e50ac800, 0x00000000e5100000| 67%| O|  |TAMS 0x00000000e5000000, 0x00000000e5000000| Untracked 
|  63|0x00000000e5100000, 0x00000000e5100000, 0x00000000e5200000|  0%| F|  |TAMS 0x00000000e5100000, 0x00000000e5100000| Untracked 
|  64|0x00000000e5200000, 0x00000000e5200000, 0x00000000e5300000|  0%| F|  |TAMS 0x00000000e5200000, 0x00000000e5200000| Untracked 
|  65|0x00000000e5300000, 0x00000000e5300000, 0x00000000e5400000|  0%| F|  |TAMS 0x00000000e5300000, 0x00000000e5300000| Untracked 
|  66|0x00000000e5400000, 0x00000000e5400000, 0x00000000e5500000|  0%| F|  |TAMS 0x00000000e5400000, 0x00000000e5400000| Untracked 
|  67|0x00000000e5500000, 0x00000000e5500000, 0x00000000e5600000|  0%| F|  |TAMS 0x00000000e5500000, 0x00000000e5500000| Untracked 
|  68|0x00000000e5600000, 0x00000000e5600000, 0x00000000e5700000|  0%| F|  |TAMS 0x00000000e5600000, 0x00000000e5600000| Untracked 
|  69|0x00000000e5700000, 0x00000000e5700000, 0x00000000e5800000|  0%| F|  |TAMS 0x00000000e5700000, 0x00000000e5700000| Untracked 
|  70|0x00000000e5800000, 0x00000000e5800000, 0x00000000e5900000|  0%| F|  |TAMS 0x00000000e5800000, 0x00000000e5800000| Untracked 
|  71|0x00000000e5900000, 0x00000000e5900000, 0x00000000e5a00000|  0%| F|  |TAMS 0x00000000e5900000, 0x00000000e5900000| Untracked 
|  72|0x00000000e5a00000, 0x00000000e5a00000, 0x00000000e5b00000|  0%| F|  |TAMS 0x00000000e5a00000, 0x00000000e5a00000| Untracked 
|  73|0x00000000e5b00000, 0x00000000e5b00000, 0x00000000e5c00000|  0%| F|  |TAMS 0x00000000e5b00000, 0x00000000e5b00000| Untracked 
|  74|0x00000000e5c00000, 0x00000000e5c00000, 0x00000000e5d00000|  0%| F|  |TAMS 0x00000000e5c00000, 0x00000000e5c00000| Untracked 
|  75|0x00000000e5d00000, 0x00000000e5d00000, 0x00000000e5e00000|  0%| F|  |TAMS 0x00000000e5d00000, 0x00000000e5d00000| Untracked 
|  76|0x00000000e5e00000, 0x00000000e5e00000, 0x00000000e5f00000|  0%| F|  |TAMS 0x00000000e5e00000, 0x00000000e5e00000| Untracked 
|  77|0x00000000e5f00000, 0x00000000e5f00000, 0x00000000e6000000|  0%| F|  |TAMS 0x00000000e5f00000, 0x00000000e5f00000| Untracked 
|  78|0x00000000e6000000, 0x00000000e6000000, 0x00000000e6100000|  0%| F|  |TAMS 0x00000000e6000000, 0x00000000e6000000| Untracked 
|  79|0x00000000e6100000, 0x00000000e6100000, 0x00000000e6200000|  0%| F|  |TAMS 0x00000000e6100000, 0x00000000e6100000| Untracked 
|  80|0x00000000e6200000, 0x00000000e6200000, 0x00000000e6300000|  0%| F|  |TAMS 0x00000000e6200000, 0x00000000e6200000| Untracked 
|  81|0x00000000e6300000, 0x00000000e6300000, 0x00000000e6400000|  0%| F|  |TAMS 0x00000000e6300000, 0x00000000e6300000| Untracked 
|  82|0x00000000e6400000, 0x00000000e6400000, 0x00000000e6500000|  0%| F|  |TAMS 0x00000000e6400000, 0x00000000e6400000| Untracked 
|  83|0x00000000e6500000, 0x00000000e6500000, 0x00000000e6600000|  0%| F|  |TAMS 0x00000000e6500000, 0x00000000e6500000| Untracked 
|  84|0x00000000e6600000, 0x00000000e6600000, 0x00000000e6700000|  0%| F|  |TAMS 0x00000000e6600000, 0x00000000e6600000| Untracked 
|  85|0x00000000e6700000, 0x00000000e6700000, 0x00000000e6800000|  0%| F|  |TAMS 0x00000000e6700000, 0x00000000e6700000| Untracked 
|  86|0x00000000e6800000, 0x00000000e6800000, 0x00000000e6900000|  0%| F|  |TAMS 0x00000000e6800000, 0x00000000e6800000| Untracked 
|  87|0x00000000e6900000, 0x00000000e6900000, 0x00000000e6a00000|  0%| F|  |TAMS 0x00000000e6900000, 0x00000000e6900000| Untracked 
|  88|0x00000000e6a00000, 0x00000000e6a00000, 0x00000000e6b00000|  0%| F|  |TAMS 0x00000000e6a00000, 0x00000000e6a00000| Untracked 
|  89|0x00000000e6b00000, 0x00000000e6b00000, 0x00000000e6c00000|  0%| F|  |TAMS 0x00000000e6b00000, 0x00000000e6b00000| Untracked 
|  90|0x00000000e6c00000, 0x00000000e6c00000, 0x00000000e6d00000|  0%| F|  |TAMS 0x00000000e6c00000, 0x00000000e6c00000| Untracked 
|  91|0x00000000e6d00000, 0x00000000e6d00000, 0x00000000e6e00000|  0%| F|  |TAMS 0x00000000e6d00000, 0x00000000e6d00000| Untracked 
|  92|0x00000000e6e00000, 0x00000000e6e00000, 0x00000000e6f00000|  0%| F|  |TAMS 0x00000000e6e00000, 0x00000000e6e00000| Untracked 
|  93|0x00000000e6f00000, 0x00000000e6f00000, 0x00000000e7000000|  0%| F|  |TAMS 0x00000000e6f00000, 0x00000000e6f00000| Untracked 
|  94|0x00000000e7000000, 0x00000000e7000000, 0x00000000e7100000|  0%| F|  |TAMS 0x00000000e7000000, 0x00000000e7000000| Untracked 
|  95|0x00000000e7100000, 0x00000000e7100000, 0x00000000e7200000|  0%| F|  |TAMS 0x00000000e7100000, 0x00000000e7100000| Untracked 
|  96|0x00000000e7200000, 0x00000000e7200000, 0x00000000e7300000|  0%| F|  |TAMS 0x00000000e7200000, 0x00000000e7200000| Untracked 
|  97|0x00000000e7300000, 0x00000000e7300000, 0x00000000e7400000|  0%| F|  |TAMS 0x00000000e7300000, 0x00000000e7300000| Untracked 
|  98|0x00000000e7400000, 0x00000000e7400000, 0x00000000e7500000|  0%| F|  |TAMS 0x00000000e7400000, 0x00000000e7400000| Untracked 
|  99|0x00000000e7500000, 0x00000000e7500000, 0x00000000e7600000|  0%| F|  |TAMS 0x00000000e7500000, 0x00000000e7500000| Untracked 
| 100|0x00000000e7600000, 0x00000000e7600000, 0x00000000e7700000|  0%| F|  |TAMS 0x00000000e7600000, 0x00000000e7600000| Untracked 
| 101|0x00000000e7700000, 0x00000000e7700000, 0x00000000e7800000|  0%| F|  |TAMS 0x00000000e7700000, 0x00000000e7700000| Untracked 
| 102|0x00000000e7800000, 0x00000000e7800000, 0x00000000e7900000|  0%| F|  |TAMS 0x00000000e7800000, 0x00000000e7800000| Untracked 
| 103|0x00000000e7900000, 0x00000000e7900000, 0x00000000e7a00000|  0%| F|  |TAMS 0x00000000e7900000, 0x00000000e7900000| Untracked 
| 104|0x00000000e7a00000, 0x00000000e7a00000, 0x00000000e7b00000|  0%| F|  |TAMS 0x00000000e7a00000, 0x00000000e7a00000| Untracked 
| 105|0x00000000e7b00000, 0x00000000e7b00000, 0x00000000e7c00000|  0%| F|  |TAMS 0x00000000e7b00000, 0x00000000e7b00000| Untracked 
| 106|0x00000000e7c00000, 0x00000000e7c00000, 0x00000000e7d00000|  0%| F|  |TAMS 0x00000000e7c00000, 0x00000000e7c00000| Untracked 
| 107|0x00000000e7d00000, 0x00000000e7d00000, 0x00000000e7e00000|  0%| F|  |TAMS 0x00000000e7d00000, 0x00000000e7d00000| Untracked 
| 108|0x00000000e7e00000, 0x00000000e7e00000, 0x00000000e7f00000|  0%| F|  |TAMS 0x00000000e7e00000, 0x00000000e7e00000| Untracked 
| 109|0x00000000e7f00000, 0x00000000e7f00000, 0x00000000e8000000|  0%| F|  |TAMS 0x00000000e7f00000, 0x00000000e7f00000| Untracked 
| 110|0x00000000e8000000, 0x00000000e8000000, 0x00000000e8100000|  0%| F|  |TAMS 0x00000000e8000000, 0x00000000e8000000| Untracked 
| 111|0x00000000e8100000, 0x00000000e8100000, 0x00000000e8200000|  0%| F|  |TAMS 0x00000000e8100000, 0x00000000e8100000| Untracked 
| 112|0x00000000e8200000, 0x00000000e8200000, 0x00000000e8300000|  0%| F|  |TAMS 0x00000000e8200000, 0x00000000e8200000| Untracked 
| 113|0x00000000e8300000, 0x00000000e8300000, 0x00000000e8400000|  0%| F|  |TAMS 0x00000000e8300000, 0x00000000e8300000| Untracked 
| 114|0x00000000e8400000, 0x00000000e8400000, 0x00000000e8500000|  0%| F|  |TAMS 0x00000000e8400000, 0x00000000e8400000| Untracked 
| 115|0x00000000e8500000, 0x00000000e8500000, 0x00000000e8600000|  0%| F|  |TAMS 0x00000000e8500000, 0x00000000e8500000| Untracked 
| 116|0x00000000e8600000, 0x00000000e8600000, 0x00000000e8700000|  0%| F|  |TAMS 0x00000000e8600000, 0x00000000e8600000| Untracked 
| 117|0x00000000e8700000, 0x00000000e8700000, 0x00000000e8800000|  0%| F|  |TAMS 0x00000000e8700000, 0x00000000e8700000| Untracked 
| 118|0x00000000e8800000, 0x00000000e8800000, 0x00000000e8900000|  0%| F|  |TAMS 0x00000000e8800000, 0x00000000e8800000| Untracked 
| 119|0x00000000e8900000, 0x00000000e8900000, 0x00000000e8a00000|  0%| F|  |TAMS 0x00000000e8900000, 0x00000000e8900000| Untracked 
| 120|0x00000000e8a00000, 0x00000000e8a00000, 0x00000000e8b00000|  0%| F|  |TAMS 0x00000000e8a00000, 0x00000000e8a00000| Untracked 
| 121|0x00000000e8b00000, 0x00000000e8b00000, 0x00000000e8c00000|  0%| F|  |TAMS 0x00000000e8b00000, 0x00000000e8b00000| Untracked 
| 122|0x00000000e8c00000, 0x00000000e8c00000, 0x00000000e8d00000|  0%| F|  |TAMS 0x00000000e8c00000, 0x00000000e8c00000| Untracked 
| 123|0x00000000e8d00000, 0x00000000e8d00000, 0x00000000e8e00000|  0%| F|  |TAMS 0x00000000e8d00000, 0x00000000e8d00000| Untracked 
| 124|0x00000000e8e00000, 0x00000000e8e00000, 0x00000000e8f00000|  0%| F|  |TAMS 0x00000000e8e00000, 0x00000000e8e00000| Untracked 
| 125|0x00000000e8f00000, 0x00000000e8f00000, 0x00000000e9000000|  0%| F|  |TAMS 0x00000000e8f00000, 0x00000000e8f00000| Untracked 
| 126|0x00000000e9000000, 0x00000000e9000000, 0x00000000e9100000|  0%| F|  |TAMS 0x00000000e9000000, 0x00000000e9000000| Untracked 
| 127|0x00000000e9100000, 0x00000000e9131c50, 0x00000000e9200000| 19%| S|CS|TAMS 0x00000000e9100000, 0x00000000e9100000| Complete 
| 128|0x00000000e9200000, 0x00000000e9200000, 0x00000000e9300000|  0%| F|  |TAMS 0x00000000e9200000, 0x00000000e9200000| Untracked 
| 129|0x00000000e9300000, 0x00000000e9300000, 0x00000000e9400000|  0%| F|  |TAMS 0x00000000e9300000, 0x00000000e9300000| Untracked 
| 130|0x00000000e9400000, 0x00000000e9400000, 0x00000000e9500000|  0%| F|  |TAMS 0x00000000e9400000, 0x00000000e9400000| Untracked 
| 131|0x00000000e9500000, 0x00000000e9500000, 0x00000000e9600000|  0%| F|  |TAMS 0x00000000e9500000, 0x00000000e9500000| Untracked 
| 132|0x00000000e9600000, 0x00000000e9600000, 0x00000000e9700000|  0%| F|  |TAMS 0x00000000e9600000, 0x00000000e9600000| Untracked 
| 133|0x00000000e9700000, 0x00000000e9700000, 0x00000000e9800000|  0%| F|  |TAMS 0x00000000e9700000, 0x00000000e9700000| Untracked 

Card table byte_map: [0x00007ff148054000,0x00007ff14814b000] _byte_map_base: 0x00007ff14794b000

Marking Bits (Prev, Next): (CMBitMap*) 0x00007ff15c0357f8, (CMBitMap*) 0x00007ff15c035830
 Prev Bits: [0x00007ff143751000, 0x00007ff143f09000)
 Next Bits: [0x00007ff142f99000, 0x00007ff143751000)

Polling page: 0x00007ff16347b000

Metaspace:

Usage:
  Non-class:     89.92 MB capacity,    87.05 MB ( 97%) used,     2.14 MB (  2%) free+waste,   744.69 KB ( <1%) overhead. 
      Class:     18.12 MB capacity,    14.78 MB ( 82%) used,     2.92 MB ( 16%) free+waste,   427.88 KB (  2%) overhead. 
       Both:    108.04 MB capacity,   101.84 MB ( 94%) used,     5.06 MB (  5%) free+waste,     1.15 MB (  1%) overhead. 

Virtual space:
  Non-class space:       92.00 MB reserved,      90.25 MB ( 98%) committed 
      Class space:        1.00 GB reserved,      18.25 MB (  2%) committed 
             Both:        1.09 GB reserved,     108.50 MB ( 10%) committed 

Chunk freelists:
   Non-Class:  174.00 KB
       Class:  10.00 KB
        Both:  184.00 KB

CodeHeap 'non-profiled nmethods': size=120036Kb used=6201Kb max_used=6201Kb free=113834Kb
 bounds [0x00007ff1501e3000, 0x00007ff1507f3000, 0x00007ff15771c000]
CodeHeap 'profiled nmethods': size=120032Kb used=25318Kb max_used=25318Kb free=94713Kb
 bounds [0x00007ff148cab000, 0x00007ff14a57b000, 0x00007ff1501e3000]
CodeHeap 'non-nmethods': size=5692Kb used=1350Kb max_used=1379Kb free=4341Kb
 bounds [0x00007ff14871c000, 0x00007ff14898c000, 0x00007ff148cab000]
 total_blobs=16682 nmethods=12950 adapters=652
 compilation: enabled
              stopped_count=0, restarted_count=0
 full_count=0

Compilation events (10 events):
Event: 60.707 Thread 0x00007ff15c14b000 nmethod 13542 0x00007ff14a569990 code [0x00007ff14a569c00, 0x00007ff14a56a328]
Event: 60.707 Thread 0x00007ff15c14b000 13544  s    3       okhttp3.internal.http2.Http2Connection::getStream (17 bytes)
Event: 60.764 Thread 0x00007ff15c14b000 nmethod 13544 0x00007ff14a56a610 code [0x00007ff14a56a820, 0x00007ff14a56af28]
Event: 60.764 Thread 0x00007ff15c14b000 13540       3       okio.Segment::split (96 bytes)
Event: 60.765 Thread 0x00007ff15c14b000 nmethod 13540 0x00007ff14a56b110 code [0x00007ff14a56b340, 0x00007ff14a56bb48]
Event: 62.752 Thread 0x00007ff15c14b000 13545       3       javax.crypto.spec.GCMParameterSpec::init (72 bytes)
Event: 64.890 Thread 0x00007ff15c14b000 nmethod 13545 0x00007ff14a56be10 code [0x00007ff14a56c020, 0x00007ff14a56c5e8]
Event: 65.101 Thread 0x00007ff15c14b000 13552  s    1       java.io.ByteArrayOutputStream::reset (6 bytes)
Event: 65.174 Thread 0x00007ff15c149000 nmethod 13536 0x00007ff1507f0f90 code [0x00007ff1507f1120, 0x00007ff1507f1398]
Event: 65.174 Thread 0x00007ff15c149000 13539       4       java.nio.HeapByteBuffer::put (54 bytes)

GC Heap History (10 events):
Event: 38.881 GC heap after
{Heap after GC invocations=72 (full 2):
 garbage-first heap   total 137216K, used 60715K [0x00000000e1200000, 0x0000000100000000)
  region size 1024K, 2 young (2048K), 2 survivors (2048K)
 Metaspace       used 95670K, capacity 101552K, committed 101628K, reserved 1134592K
  class space    used 13924K, capacity 17102K, committed 17148K, reserved 1048576K
}
Event: 39.441 GC heap before
{Heap before GC invocations=72 (full 2):
 garbage-first heap   total 137216K, used 87339K [0x00000000e1200000, 0x0000000100000000)
  region size 1024K, 28 young (28672K), 2 survivors (2048K)
 Metaspace       used 96932K, capacity 103215K, committed 103548K, reserved 1134592K
  class space    used 14279K, capacity 17677K, committed 17788K, reserved 1048576K
}
Event: 39.457 GC heap after
{Heap after GC invocations=73 (full 2):
 garbage-first heap   total 137216K, used 61361K [0x00000000e1200000, 0x0000000100000000)
  region size 1024K, 2 young (2048K), 2 survivors (2048K)
 Metaspace       used 96932K, capacity 103215K, committed 103548K, reserved 1134592K
  class space    used 14279K, capacity 17677K, committed 17788K, reserved 1048576K
}
Event: 57.571 GC heap before
{Heap before GC invocations=73 (full 2):
 garbage-first heap   total 137216K, used 90033K [0x00000000e1200000, 0x0000000100000000)
  region size 1024K, 31 young (31744K), 2 survivors (2048K)
 Metaspace       used 104140K, capacity 110492K, committed 110844K, reserved 1140736K
  class space    used 15134K, capacity 18547K, committed 18684K, reserved 1048576K
}
Event: 57.621 GC heap after
{Heap after GC invocations=74 (full 2):
 garbage-first heap   total 137216K, used 63804K [0x00000000e1200000, 0x0000000100000000)
  region size 1024K, 4 young (4096K), 4 survivors (4096K)
 Metaspace       used 104140K, capacity 110492K, committed 110844K, reserved 1140736K
  class space    used 15134K, capacity 18547K, committed 18684K, reserved 1048576K
}
Event: 60.937 GC heap before
{Heap before GC invocations=74 (full 2):
 garbage-first heap   total 137216K, used 93500K [0x00000000e1200000, 0x0000000100000000)
  region size 1024K, 34 young (34816K), 4 survivors (4096K)
 Metaspace       used 104279K, capacity 110632K, committed 111100K, reserved 1142784K
  class space    used 15136K, capacity 18550K, committed 18684K, reserved 1048576K
}
Event: 62.656 GC heap after
{Heap after GC invocations=75 (full 2):
 garbage-first heap   total 137216K, used 64464K [0x00000000e1200000, 0x0000000100000000)
  region size 1024K, 1 young (1024K), 1 survivors (1024K)
 Metaspace       used 104279K, capacity 110632K, committed 111100K, reserved 1142784K
  class space    used 15136K, capacity 18550K, committed 18684K, reserved 1048576K
}
Event: 62.808 GC heap before
{Heap before GC invocations=75 (full 2):
 garbage-first heap   total 137216K, used 68560K [0x00000000e1200000, 0x0000000100000000)
  region size 1024K, 6 young (6144K), 1 survivors (1024K)
 Metaspace       used 104279K, capacity 110632K, committed 111100K, reserved 1142784K
  class space    used 15136K, capacity 18550K, committed 18684K, reserved 1048576K
}
Event: 64.238 GC heap after
{Heap after GC invocations=76 (full 2):
 garbage-first heap   total 137216K, used 64799K [0x00000000e1200000, 0x0000000100000000)
  region size 1024K, 1 young (1024K), 1 survivors (1024K)
 Metaspace       used 104279K, capacity 110632K, committed 111100K, reserved 1142784K
  class space    used 15136K, capacity 18550K, committed 18684K, reserved 1048576K
}
Event: 65.455 GC heap before
{Heap before GC invocations=76 (full 2):
 garbage-first heap   total 137216K, used 68895K [0x00000000e1200000, 0x0000000100000000)
  region size 1024K, 6 young (6144K), 1 survivors (1024K)
 Metaspace       used 104279K, capacity 110632K, committed 111100K, reserved 1142784K
  class space    used 15136K, capacity 18550K, committed 18684K, reserved 1048576K
}

Deoptimization events (10 events):
Event: 49.629 Thread 0x00007ff15d668800 Uncommon trap: reason=unstable_if action=reinterpret pc=0x00007ff150506fa4 method=java.io.BufferedInputStream.read1([BII)I @ 29 c2
Event: 49.681 Thread 0x00007ff15d668800 Uncommon trap: reason=profile_predicate action=maybe_recompile pc=0x00007ff1507a7b38 method=java.util.Properties.load0(Ljava/util/Properties$LineReader;)V @ 12 c2
Event: 49.682 Thread 0x00007ff15d668800 Uncommon trap: reason=profile_predicate action=maybe_recompile pc=0x00007ff1507a7b38 method=java.util.Properties.load0(Ljava/util/Properties$LineReader;)V @ 12 c2
Event: 49.962 Thread 0x00007ff15d668800 Uncommon trap: reason=profile_predicate action=maybe_recompile pc=0x00007ff1507a7b38 method=java.util.Properties.load0(Ljava/util/Properties$LineReader;)V @ 12 c2
Event: 49.964 Thread 0x00007ff15d668800 Uncommon trap: reason=profile_predicate action=maybe_recompile pc=0x00007ff1507a7b38 method=java.util.Properties.load0(Ljava/util/Properties$LineReader;)V @ 12 c2
Event: 52.289 Thread 0x00007ff15d668800 Uncommon trap: reason=unstable_if action=reinterpret pc=0x00007ff1505062ac method=java.io.BufferedInputStream.read1([BII)I @ 29 c2
Event: 53.090 Thread 0x00007ff15d668800 Uncommon trap: reason=class_check action=maybe_recompile pc=0x00007ff1507bb354 method=org.apache.ivy.core.module.descriptor.DefaultDependencyDescriptor.getDependencyConfigurations(Ljava/lang/String;Ljava/lang/String;)[Ljava/lang/String; @ 12 c2
Event: 53.101 Thread 0x00007ff15d668800 Uncommon trap: reason=class_check action=maybe_recompile pc=0x00007ff1507bb354 method=org.apache.ivy.core.module.descriptor.DefaultDependencyDescriptor.getDependencyConfigurations(Ljava/lang/String;Ljava/lang/String;)[Ljava/lang/String; @ 12 c2
Event: 53.101 Thread 0x00007ff15d668800 Uncommon trap: reason=class_check action=maybe_recompile pc=0x00007ff1507bb354 method=org.apache.ivy.core.module.descriptor.DefaultDependencyDescriptor.getDependencyConfigurations(Ljava/lang/String;Ljava/lang/String;)[Ljava/lang/String; @ 12 c2
Event: 53.101 Thread 0x00007ff15d668800 Uncommon trap: reason=class_check action=maybe_recompile pc=0x00007ff1507bb354 method=org.apache.ivy.core.module.descriptor.DefaultDependencyDescriptor.getDependencyConfigurations(Ljava/lang/String;Ljava/lang/String;)[Ljava/lang/String; @ 12 c2

Classes redefined (0 events):
No events

Internal exceptions (10 events):
Event: 36.954 Thread 0x00007ff15c012000 Exception <a 'sun/nio/fs/UnixException'{0x00000000e58f89c8}> (0x00000000e58f89c8) thrown at [/opt/buildAgent/work/494cbf65e275b67e/src/hotspot/share/prims/jni.cpp, line 615]
Event: 37.329 Thread 0x00007ff15c012000 Exception <a 'java/security/PrivilegedActionException'{0x00000000e6d249b0}> (0x00000000e6d249b0) thrown at [/opt/buildAgent/work/494cbf65e275b67e/src/hotspot/share/prims/jvm.cpp, line 1300]
Event: 37.329 Thread 0x00007ff15c012000 Exception <a 'java/security/PrivilegedActionException'{0x00000000e6d25478}> (0x00000000e6d25478) thrown at [/opt/buildAgent/work/494cbf65e275b67e/src/hotspot/share/prims/jvm.cpp, line 1300]
Event: 37.476 Thread 0x00007ff15c012000 Exception <a 'java/lang/NoSuchMethodError'{0x00000000e6877458}: java.lang.invoke.DirectMethodHandle$Holder.invokeStatic(Ljava/lang/Object;Ljava/lang/Object;Ljava/lang/Object;Ljava/lang/Object;Ljava/lang/Object;Ljava/lang/Object;Ljava/lang/Object;I)Ljava/l
Event: 37.476 Thread 0x00007ff15c012000 Exception <a 'java/lang/NoSuchMethodError'{0x00000000e687bde0}: java.lang.invoke.DirectMethodHandle$Holder.invokeSpecial(Ljava/lang/Object;Ljava/lang/Object;Ljava/lang/Object;Ljava/lang/Object;Ljava/lang/Object;Ljava/lang/Object;Ljava/lang/Object;Ljava/la
Event: 37.477 Thread 0x00007ff15c012000 Exception <a 'java/lang/NoSuchMethodError'{0x00000000e68800e0}: java.lang.invoke.Invokers$Holder.linkToTargetMethod(Ljava/lang/Object;Ljava/lang/Object;Ljava/lang/Object;Ljava/lang/Object;Ljava/lang/Object;Ljava/lang/Object;ILjava/lang/Object;)Ljava/lang/
Event: 38.579 Thread 0x00007ff15c012000 Exception <a 'sun/nio/fs/UnixException'{0x00000000e6ab4fa0}> (0x00000000e6ab4fa0) thrown at [/opt/buildAgent/work/494cbf65e275b67e/src/hotspot/share/prims/jni.cpp, line 615]
Event: 38.624 Thread 0x00007ff15c012000 Exception <a 'java/lang/NoSuchMethodError'{0x00000000e6862e28}: java.lang.invoke.DirectMethodHandle$Holder.invokeStatic(Ljava/lang/Object;IILjava/lang/Object;Ljava/lang/Object;)Ljava/lang/Object;> (0x00000000e6862e28) thrown at [/opt/buildAgent/work/494cb
Event: 38.624 Thread 0x00007ff15c012000 Exception <a 'java/lang/NoSuchMethodError'{0x00000000e68661e8}: java.lang.invoke.DirectMethodHandle$Holder.invokeStaticInit(Ljava/lang/Object;IILjava/lang/Object;Ljava/lang/Object;)Ljava/lang/Object;> (0x00000000e68661e8) thrown at [/opt/buildAgent/work/4
Event: 47.782 Thread 0x00007ff15d668800 Exception <a 'java/lang/NoSuchMethodError'{0x00000000e805d0c8}: java.lang.invoke.DirectMethodHandle$Holder.invokeStatic(Ljava/lang/Object;)J> (0x00000000e805d0c8) thrown at [/opt/buildAgent/work/494cbf65e275b67e/src/hotspot/share/interpreter/linkResolver.

Events (10 events):
Event: 58.604 Thread 0x00007ff13c17f000 DEOPT UNPACKING pc=0x00007ff1487444ba sp=0x00007ff1033a9068 mode 0
Event: 58.727 Thread 0x00007ff13c17f000 DEOPT PACKING pc=0x00007ff14a51adb7 sp=0x00007ff1033a95f0
Event: 58.727 Thread 0x00007ff13c17f000 DEOPT UNPACKING pc=0x00007ff1487444ba sp=0x00007ff1033a8b20 mode 0
Event: 59.565 Thread 0x00007ff13c17f000 DEOPT PACKING pc=0x00007ff14a51b7aa sp=0x00007ff1033a97f0
Event: 59.565 Thread 0x00007ff13c17f000 DEOPT UNPACKING pc=0x00007ff1487444ba sp=0x00007ff1033a8ce0 mode 0
Event: 60.776 Executing VM operation: G1CollectForAllocation
Event: 62.656 Executing VM operation: G1CollectForAllocation done
Event: 62.794 Executing VM operation: G1CollectForAllocation
Event: 64.914 Executing VM operation: G1CollectForAllocation done
Event: 65.128 Executing VM operation: G1CollectForAllocation


Dynamic libraries:
00400000-00401000 r-xp 00000000 07:07 24                                 /snap/intellij-idea-community/163/jbr/bin/java
00601000-00602000 r--p 00001000 07:07 24                                 /snap/intellij-idea-community/163/jbr/bin/java
00602000-00603000 rw-p 00002000 07:07 24                                 /snap/intellij-idea-community/163/jbr/bin/java
00868000-008aa000 rw-p 00000000 00:00 0                                  [heap]
e1200000-e9800000 rw-p 00000000 00:00 0 
f1800000-100000000 ---p 00000000 00:00 0 
100000000-10123f000 rw-p 00000000 00:00 0 
10123f000-140000000 ---p 00000000 00:00 0 
7ff102da8000-7ff102de8000 rw-p 00000000 00:00 0 
7ff102de8000-7ff102fa8000 ---p 00000000 00:00 0 
7ff102fa8000-7ff102fac000 ---p 00000000 00:00 0 
7ff102fac000-7ff1030a9000 rw-p 00000000 00:00 0 
7ff1030a9000-7ff1030ad000 ---p 00000000 00:00 0 
7ff1030ad000-7ff1031aa000 rw-p 00000000 00:00 0 
7ff1031aa000-7ff1031ae000 ---p 00000000 00:00 0 
7ff1031ae000-7ff1032ab000 rw-p 00000000 00:00 0 
7ff1032ab000-7ff1032af000 ---p 00000000 00:00 0 
7ff1032af000-7ff1035ac000 rw-p 00000000 00:00 0 
7ff1035ac000-7ff1035c3000 r-xp 00000000 08:01 1316820                    /lib/x86_64-linux-gnu/libresolv-2.27.so
7ff1035c3000-7ff1037c3000 ---p 00017000 08:01 1316820                    /lib/x86_64-linux-gnu/libresolv-2.27.so
7ff1037c3000-7ff1037c4000 r--p 00017000 08:01 1316820                    /lib/x86_64-linux-gnu/libresolv-2.27.so
7ff1037c4000-7ff1037c5000 rw-p 00018000 08:01 1316820                    /lib/x86_64-linux-gnu/libresolv-2.27.so
7ff1037c5000-7ff1037c7000 rw-p 00000000 00:00 0 
7ff1037c7000-7ff1037cc000 r-xp 00000000 08:01 1316769                    /lib/x86_64-linux-gnu/libnss_dns-2.27.so
7ff1037cc000-7ff1039cc000 ---p 00005000 08:01 1316769                    /lib/x86_64-linux-gnu/libnss_dns-2.27.so
7ff1039cc000-7ff1039cd000 r--p 00005000 08:01 1316769                    /lib/x86_64-linux-gnu/libnss_dns-2.27.so
7ff1039cd000-7ff1039ce000 rw-p 00006000 08:01 1316769                    /lib/x86_64-linux-gnu/libnss_dns-2.27.so
7ff1039ce000-7ff1039d0000 r-xp 00000000 08:01 1316777                    /lib/x86_64-linux-gnu/libnss_mdns4_minimal.so.2
7ff1039d0000-7ff103bcf000 ---p 00002000 08:01 1316777                    /lib/x86_64-linux-gnu/libnss_mdns4_minimal.so.2
7ff103bcf000-7ff103bd0000 r--p 00001000 08:01 1316777                    /lib/x86_64-linux-gnu/libnss_mdns4_minimal.so.2
7ff103bd0000-7ff103bd1000 rw-p 00002000 08:01 1316777                    /lib/x86_64-linux-gnu/libnss_mdns4_minimal.so.2
7ff103bd1000-7ff103dd1000 rw-p 00000000 00:00 0 
7ff103dd1000-7ff103dfb000 r-xp 00000000 07:07 446                        /snap/intellij-idea-community/163/jbr/lib/libsunec.so
7ff103dfb000-7ff103ffa000 ---p 0002a000 07:07 446                        /snap/intellij-idea-community/163/jbr/lib/libsunec.so
7ff103ffa000-7ff103ffe000 r--p 00029000 07:07 446                        /snap/intellij-idea-community/163/jbr/lib/libsunec.so
7ff103ffe000-7ff104000000 rw-p 0002d000 07:07 446                        /snap/intellij-idea-community/163/jbr/lib/libsunec.so
7ff104000000-7ff10405b000 rw-p 00000000 00:00 0 
7ff10405b000-7ff108000000 ---p 00000000 00:00 0 
7ff1080d5000-7ff1082d5000 rw-p 00000000 00:00 0 
7ff1082d5000-7ff1082d9000 ---p 00000000 00:00 0 
7ff1082d9000-7ff1085d6000 rw-p 00000000 00:00 0 
7ff1085d6000-7ff1087d6000 rw-p 00000000 00:00 0 
7ff1087d6000-7ff1087d8000 r-xp 00000000 07:07 407                        /snap/intellij-idea-community/163/jbr/lib/libextnet.so
7ff1087d8000-7ff1089d7000 ---p 00002000 07:07 407                        /snap/intellij-idea-community/163/jbr/lib/libextnet.so
7ff1089d7000-7ff1089d8000 r--p 00001000 07:07 407                        /snap/intellij-idea-community/163/jbr/lib/libextnet.so
7ff1089d8000-7ff1089d9000 rw-p 00002000 07:07 407                        /snap/intellij-idea-community/163/jbr/lib/libextnet.so
7ff1089d9000-7ff108bd9000 rw-p 00000000 00:00 0 
7ff108bd9000-7ff108dd9000 rw-p 00000000 00:00 0 
7ff108dd9000-7ff108fd9000 rw-p 00000000 00:00 0 
7ff108fd9000-7ff1091d9000 rw-p 00000000 00:00 0 
7ff1091d9000-7ff1093d9000 rw-p 00000000 00:00 0 
7ff1093d9000-7ff1095d9000 rw-p 00000000 00:00 0 
7ff1095d9000-7ff1097d9000 rw-p 00000000 00:00 0 
7ff1097d9000-7ff1099d9000 rw-p 00000000 00:00 0 
7ff1099d9000-7ff109bd9000 rw-p 00000000 00:00 0 
7ff109bd9000-7ff109dd9000 rw-p 00000000 00:00 0 
7ff109dd9000-7ff109ddd000 ---p 00000000 00:00 0 
7ff109ddd000-7ff109eda000 rw-p 00000000 00:00 0 
7ff109eda000-7ff109ede000 ---p 00000000 00:00 0 
7ff109ede000-7ff109fdb000 rw-p 00000000 00:00 0 
7ff109fdb000-7ff109fdf000 ---p 00000000 00:00 0 
7ff109fdf000-7ff10a2dc000 rw-p 00000000 00:00 0 
7ff10a2dc000-7ff10a2f4000 r-xp 00000000 08:01 1180935                    /tmp/jna--1862473592/jna8920482269549261415.tmp (deleted)
7ff10a2f4000-7ff10a4f4000 ---p 00018000 08:01 1180935                    /tmp/jna--1862473592/jna8920482269549261415.tmp (deleted)
7ff10a4f4000-7ff10a4f5000 rw-p 00018000 08:01 1180935                    /tmp/jna--1862473592/jna8920482269549261415.tmp (deleted)
7ff10a4f5000-7ff10a6f5000 rw-p 00000000 00:00 0 
7ff10a6f5000-7ff10a6f9000 ---p 00000000 00:00 0 
7ff10a6f9000-7ff10a7f6000 rw-p 00000000 00:00 0 
7ff10a7f6000-7ff10a7fa000 ---p 00000000 00:00 0 
7ff10a7fa000-7ff10a8f7000 rw-p 00000000 00:00 0 
7ff10a8f7000-7ff10a8fb000 ---p 00000000 00:00 0 
7ff10a8fb000-7ff10a9f8000 rw-p 00000000 00:00 0 
7ff10a9f8000-7ff10a9fc000 ---p 00000000 00:00 0 
7ff10a9fc000-7ff10aaf9000 rw-p 00000000 00:00 0 
7ff10aaf9000-7ff10aafd000 ---p 00000000 00:00 0 
7ff10aafd000-7ff10abfa000 rw-p 00000000 00:00 0 
7ff10abfa000-7ff10abfe000 ---p 00000000 00:00 0 
7ff10abfe000-7ff10aefb000 rw-p 00000000 00:00 0 
7ff10aefb000-7ff10b0fb000 rw-p 00000000 00:00 0 
7ff10b0fb000-7ff10b2fb000 rw-p 00000000 00:00 0 
7ff10b2fb000-7ff10b4fb000 rw-p 00000000 00:00 0 
7ff10b4fb000-7ff10b4ff000 ---p 00000000 00:00 0 
7ff10b4ff000-7ff10b5fc000 rw-p 00000000 00:00 0 
7ff10b5fc000-7ff10b600000 ---p 00000000 00:00 0 
7ff10b600000-7ff10b6fd000 rw-p 00000000 00:00 0 
7ff10b6fd000-7ff10b701000 ---p 00000000 00:00 0 
7ff10b701000-7ff10b9fe000 rw-p 00000000 00:00 0 
7ff10b9fe000-7ff10ba02000 ---p 00000000 00:00 0 
7ff10ba02000-7ff10baff000 rw-p 00000000 00:00 0 
7ff10baff000-7ff10bb03000 ---p 00000000 00:00 0 
7ff10bb03000-7ff10be00000 rw-p 00000000 00:00 0 
7ff10be00000-7ff10c000000 rw-p 00000000 00:00 0 
7ff10c000000-7ff10c02f000 rw-p 00000000 00:00 0 
7ff10c02f000-7ff110000000 ---p 00000000 00:00 0 
7ff110000000-7ff11007f000 rw-p 00000000 00:00 0 
7ff11007f000-7ff114000000 ---p 00000000 00:00 0 
7ff114000000-7ff116660000 rw-p 00000000 00:00 0 
7ff116660000-7ff118000000 ---p 00000000 00:00 0 
7ff118000000-7ff118957000 rw-p 00000000 00:00 0 
7ff118957000-7ff11c000000 ---p 00000000 00:00 0 
7ff11c000000-7ff11c09d000 rw-p 00000000 00:00 0 
7ff11c09d000-7ff120000000 ---p 00000000 00:00 0 
7ff120000000-7ff1200ce000 rw-p 00000000 00:00 0 
7ff1200ce000-7ff124000000 ---p 00000000 00:00 0 
7ff124000000-7ff12411e000 rw-p 00000000 00:00 0 
7ff12411e000-7ff128000000 ---p 00000000 00:00 0 
7ff1280f0000-7ff1282f0000 rw-p 00000000 00:00 0 
7ff1282f0000-7ff1284f0000 rw-p 00000000 00:00 0 
7ff1284f0000-7ff1286f0000 rw-p 00000000 00:00 0 
7ff1286f0000-7ff1288f0000 rw-p 00000000 00:00 0 
7ff1288f0000-7ff128af0000 rw-p 00000000 00:00 0 
7ff128af0000-7ff128cf0000 rw-p 00000000 00:00 0 
7ff128cf0000-7ff128ef0000 rw-p 00000000 00:00 0 
7ff128ef0000-7ff1290f0000 rw-p 00000000 00:00 0 
7ff1290f0000-7ff1292f0000 rw-p 00000000 00:00 0 
7ff1292f0000-7ff1294f0000 rw-p 00000000 00:00 0 
7ff1294f0000-7ff1294f4000 ---p 00000000 00:00 0 
7ff1294f4000-7ff1297f1000 rw-p 00000000 00:00 0 
7ff1297f1000-7ff1299f1000 rw-p 00000000 00:00 0 
7ff1299f1000-7ff129bf1000 rw-p 00000000 00:00 0 
7ff129bf1000-7ff129bf6000 r-xp 00000000 07:07 435                        /snap/intellij-idea-community/163/jbr/lib/libmanagement_ext.so
7ff129bf6000-7ff129df5000 ---p 00005000 07:07 435                        /snap/intellij-idea-community/163/jbr/lib/libmanagement_ext.so
7ff129df5000-7ff129df6000 r--p 00004000 07:07 435                        /snap/intellij-idea-community/163/jbr/lib/libmanagement_ext.so
7ff129df6000-7ff129df7000 rw-p 00005000 07:07 435                        /snap/intellij-idea-community/163/jbr/lib/libmanagement_ext.so
7ff129df7000-7ff129dfb000 r-xp 00000000 07:07 433                        /snap/intellij-idea-community/163/jbr/lib/libmanagement.so
7ff129dfb000-7ff129ffa000 ---p 00004000 07:07 433                        /snap/intellij-idea-community/163/jbr/lib/libmanagement.so
7ff129ffa000-7ff129ffb000 r--p 00003000 07:07 433                        /snap/intellij-idea-community/163/jbr/lib/libmanagement.so
7ff129ffb000-7ff129ffc000 rw-p 00004000 07:07 433                        /snap/intellij-idea-community/163/jbr/lib/libmanagement.so
7ff129ffc000-7ff12a1fc000 rw-p 00000000 00:00 0 
7ff12a1fc000-7ff12a3fc000 rw-p 00000000 00:00 0 
7ff12a3fc000-7ff12a5fc000 rw-p 00000000 00:00 0 
7ff12a5fc000-7ff12a7fc000 rw-p 00000000 00:00 0 
7ff12a7fc000-7ff12a7fd000 ---p 00000000 00:00 0 
7ff12a7fd000-7ff12a8fe000 rw-p 00000000 00:00 0 
7ff12a8fe000-7ff12a915000 r-xp 00000000 07:07 437                        /snap/intellij-idea-community/163/jbr/lib/libnet.so
7ff12a915000-7ff12ab14000 ---p 00017000 07:07 437                        /snap/intellij-idea-community/163/jbr/lib/libnet.so
7ff12ab14000-7ff12ab15000 r--p 00016000 07:07 437                        /snap/intellij-idea-community/163/jbr/lib/libnet.so
7ff12ab15000-7ff12ab16000 rw-p 00017000 07:07 437                        /snap/intellij-idea-community/163/jbr/lib/libnet.so
7ff12ab16000-7ff12ab26000 r-xp 00000000 07:07 438                        /snap/intellij-idea-community/163/jbr/lib/libnio.so
7ff12ab26000-7ff12ad25000 ---p 00010000 07:07 438                        /snap/intellij-idea-community/163/jbr/lib/libnio.so
7ff12ad25000-7ff12ad26000 r--p 0000f000 07:07 438                        /snap/intellij-idea-community/163/jbr/lib/libnio.so
7ff12ad26000-7ff12ad27000 rw-p 00010000 07:07 438                        /snap/intellij-idea-community/163/jbr/lib/libnio.so
7ff12ad27000-7ff12ad2b000 ---p 00000000 00:00 0 
7ff12ad2b000-7ff12ae28000 rw-p 00000000 00:00 0 
7ff12ae28000-7ff12ae29000 ---p 00000000 00:00 0 
7ff12ae29000-7ff12af2a000 rw-p 00000000 00:00 0 
7ff12af2a000-7ff12af2e000 ---p 00000000 00:00 0 
7ff12af2e000-7ff12b02b000 rw-p 00000000 00:00 0 
7ff12b02b000-7ff12b02f000 ---p 00000000 00:00 0 
7ff12b02f000-7ff12b12c000 rw-p 00000000 00:00 0 
7ff12b12c000-7ff12b130000 ---p 00000000 00:00 0 
7ff12b130000-7ff12b22d000 rw-p 00000000 00:00 0 
7ff12b22d000-7ff12b231000 ---p 00000000 00:00 0 
7ff12b231000-7ff12b32e000 rw-p 00000000 00:00 0 
7ff12b32e000-7ff12b332000 ---p 00000000 00:00 0 
7ff12b332000-7ff12b42f000 rw-p 00000000 00:00 0 
7ff12b42f000-7ff12bdfe000 r--p 00000000 08:01 1578710                    /usr/lib/locale/locale-archive
7ff12bdfe000-7ff12be02000 ---p 00000000 00:00 0 
7ff12be02000-7ff12beff000 rw-p 00000000 00:00 0 
7ff12beff000-7ff12bf03000 ---p 00000000 00:00 0 
7ff12bf03000-7ff12c000000 rw-p 00000000 00:00 0 
7ff12c000000-7ff12c044000 rw-p 00000000 00:00 0 
7ff12c044000-7ff130000000 ---p 00000000 00:00 0 
7ff130000000-7ff1306c7000 rw-p 00000000 00:00 0 
7ff1306c7000-7ff134000000 ---p 00000000 00:00 0 
7ff134000000-7ff1340bf000 rw-p 00000000 00:00 0 
7ff1340bf000-7ff138000000 ---p 00000000 00:00 0 
7ff138000000-7ff13802c000 rw-p 00000000 00:00 0 
7ff13802c000-7ff13c000000 ---p 00000000 00:00 0 
7ff13c000000-7ff13c314000 rw-p 00000000 00:00 0 
7ff13c314000-7ff140000000 ---p 00000000 00:00 0 
7ff14008d000-7ff14008e000 ---p 00000000 00:00 0 
7ff14008e000-7ff14098f000 rw-p 00000000 00:00 0 
7ff14098f000-7ff140990000 ---p 00000000 00:00 0 
7ff140990000-7ff140a91000 rw-p 00000000 00:00 0 
7ff140a91000-7ff140a92000 ---p 00000000 00:00 0 
7ff140a92000-7ff142d95000 rw-p 00000000 00:00 0 
7ff142d95000-7ff142d96000 ---p 00000000 00:00 0 
7ff142d96000-7ff142e97000 rw-p 00000000 00:00 0 
7ff142e97000-7ff142e98000 ---p 00000000 00:00 0 
7ff142e98000-7ff1431b1000 rw-p 00000000 00:00 0 
7ff1431b1000-7ff143751000 ---p 00000000 00:00 0 
7ff143751000-7ff143969000 rw-p 00000000 00:00 0 
7ff143969000-7ff143f09000 ---p 00000000 00:00 0 
7ff143f09000-7ff143f4c000 rw-p 00000000 00:00 0 
7ff143f4c000-7ff144000000 ---p 00000000 00:00 0 
7ff144000000-7ff1440a8000 rw-p 00000000 00:00 0 
7ff1440a8000-7ff148000000 ---p 00000000 00:00 0 
7ff148054000-7ff148097000 rw-p 00000000 00:00 0 
7ff148097000-7ff14814b000 ---p 00000000 00:00 0 
7ff14814b000-7ff14818e000 rw-p 00000000 00:00 0 
7ff14818e000-7ff148242000 ---p 00000000 00:00 0 
7ff148242000-7ff148444000 rw-p 00000000 00:00 0 
7ff148444000-7ff148445000 ---p 00000000 00:00 0 
7ff148445000-7ff148553000 rw-p 00000000 00:00 0 
7ff148553000-7ff148631000 ---p 00000000 00:00 0 
7ff148631000-7ff148663000 rw-p 00000000 00:00 0 
7ff148663000-7ff14871c000 ---p 00000000 00:00 0 
7ff14871c000-7ff14898c000 rwxp 00000000 00:00 0 
7ff14898c000-7ff148cab000 ---p 00000000 00:00 0 
7ff148cab000-7ff14a57b000 rwxp 00000000 00:00 0 
7ff14a57b000-7ff1501e3000 ---p 00000000 00:00 0 
7ff1501e3000-7ff1507f3000 rwxp 00000000 00:00 0 
7ff1507f3000-7ff15771c000 ---p 00000000 00:00 0 
7ff15771c000-7ff15b5b9000 r--s 00000000 07:07 450                        /snap/intellij-idea-community/163/jbr/lib/modules
7ff15b5b9000-7ff15b5be000 r-xp 00000000 07:07 429                        /snap/intellij-idea-community/163/jbr/lib/libjimage.so
7ff15b5be000-7ff15b7be000 ---p 00005000 07:07 429                        /snap/intellij-idea-community/163/jbr/lib/libjimage.so
7ff15b7be000-7ff15b7bf000 r--p 00005000 07:07 429                        /snap/intellij-idea-community/163/jbr/lib/libjimage.so
7ff15b7bf000-7ff15b7c0000 rw-p 00006000 07:07 429                        /snap/intellij-idea-community/163/jbr/lib/libjimage.so
7ff15b7c0000-7ff15b7c7000 r-xp 00000000 07:07 449                        /snap/intellij-idea-community/163/jbr/lib/libzip.so
7ff15b7c7000-7ff15b9c6000 ---p 00007000 07:07 449                        /snap/intellij-idea-community/163/jbr/lib/libzip.so
7ff15b9c6000-7ff15b9c7000 r--p 00006000 07:07 449                        /snap/intellij-idea-community/163/jbr/lib/libzip.so
7ff15b9c7000-7ff15b9c8000 rw-p 00007000 07:07 449                        /snap/intellij-idea-community/163/jbr/lib/libzip.so
7ff15b9c8000-7ff15b9d3000 r-xp 00000000 08:01 1316771                    /lib/x86_64-linux-gnu/libnss_files-2.27.so
7ff15b9d3000-7ff15bbd2000 ---p 0000b000 08:01 1316771                    /lib/x86_64-linux-gnu/libnss_files-2.27.so
7ff15bbd2000-7ff15bbd3000 r--p 0000a000 08:01 1316771                    /lib/x86_64-linux-gnu/libnss_files-2.27.so
7ff15bbd3000-7ff15bbd4000 rw-p 0000b000 08:01 1316771                    /lib/x86_64-linux-gnu/libnss_files-2.27.so
7ff15bbd4000-7ff15bbda000 rw-p 00000000 00:00 0 
7ff15bbda000-7ff15bbf1000 r-xp 00000000 08:01 1316765                    /lib/x86_64-linux-gnu/libnsl-2.27.so
7ff15bbf1000-7ff15bdf0000 ---p 00017000 08:01 1316765                    /lib/x86_64-linux-gnu/libnsl-2.27.so
7ff15bdf0000-7ff15bdf1000 r--p 00016000 08:01 1316765                    /lib/x86_64-linux-gnu/libnsl-2.27.so
7ff15bdf1000-7ff15bdf2000 rw-p 00017000 08:01 1316765                    /lib/x86_64-linux-gnu/libnsl-2.27.so
7ff15bdf2000-7ff15bdf4000 rw-p 00000000 00:00 0 
7ff15bdf4000-7ff15bdff000 r-xp 00000000 08:01 1316782                    /lib/x86_64-linux-gnu/libnss_nis-2.27.so
7ff15bdff000-7ff15bffe000 ---p 0000b000 08:01 1316782                    /lib/x86_64-linux-gnu/libnss_nis-2.27.so
7ff15bffe000-7ff15bfff000 r--p 0000a000 08:01 1316782                    /lib/x86_64-linux-gnu/libnss_nis-2.27.so
7ff15bfff000-7ff15c000000 rw-p 0000b000 08:01 1316782                    /lib/x86_64-linux-gnu/libnss_nis-2.27.so
7ff15c000000-7ff15e4b4000 rw-p 00000000 00:00 0 
7ff15e4b4000-7ff160000000 ---p 00000000 00:00 0 
7ff160000000-7ff160081000 rw-p 00000000 00:00 0 
7ff160081000-7ff160089000 r-xp 00000000 08:01 1316767                    /lib/x86_64-linux-gnu/libnss_compat-2.27.so
7ff160089000-7ff160289000 ---p 00008000 08:01 1316767                    /lib/x86_64-linux-gnu/libnss_compat-2.27.so
7ff160289000-7ff16028a000 r--p 00008000 08:01 1316767                    /lib/x86_64-linux-gnu/libnss_compat-2.27.so
7ff16028a000-7ff16028b000 rw-p 00009000 08:01 1316767                    /lib/x86_64-linux-gnu/libnss_compat-2.27.so
7ff16028b000-7ff1602b4000 r-xp 00000000 07:07 419                        /snap/intellij-idea-community/163/jbr/lib/libjava.so
7ff1602b4000-7ff1604b3000 ---p 00029000 07:07 419                        /snap/intellij-idea-community/163/jbr/lib/libjava.so
7ff1604b3000-7ff1604b4000 r--p 00028000 07:07 419                        /snap/intellij-idea-community/163/jbr/lib/libjava.so
7ff1604b4000-7ff1604b6000 rw-p 00029000 07:07 419                        /snap/intellij-idea-community/163/jbr/lib/libjava.so
7ff1604b6000-7ff1604c3000 r-xp 00000000 07:07 448                        /snap/intellij-idea-community/163/jbr/lib/libverify.so
7ff1604c3000-7ff1606c2000 ---p 0000d000 07:07 448                        /snap/intellij-idea-community/163/jbr/lib/libverify.so
7ff1606c2000-7ff1606c4000 r--p 0000c000 07:07 448                        /snap/intellij-idea-community/163/jbr/lib/libverify.so
7ff1606c4000-7ff1606c5000 rw-p 0000e000 07:07 448                        /snap/intellij-idea-community/163/jbr/lib/libverify.so
7ff1606c5000-7ff1606cc000 r-xp 00000000 08:01 1316822                    /lib/x86_64-linux-gnu/librt-2.27.so
7ff1606cc000-7ff1608cb000 ---p 00007000 08:01 1316822                    /lib/x86_64-linux-gnu/librt-2.27.so
7ff1608cb000-7ff1608cc000 r--p 00006000 08:01 1316822                    /lib/x86_64-linux-gnu/librt-2.27.so
7ff1608cc000-7ff1608cd000 rw-p 00007000 08:01 1316822                    /lib/x86_64-linux-gnu/librt-2.27.so
7ff1608cd000-7ff1608e4000 r-xp 00000000 08:01 1316718                    /lib/x86_64-linux-gnu/libgcc_s.so.1
7ff1608e4000-7ff160ae3000 ---p 00017000 08:01 1316718                    /lib/x86_64-linux-gnu/libgcc_s.so.1
7ff160ae3000-7ff160ae4000 r--p 00016000 08:01 1316718                    /lib/x86_64-linux-gnu/libgcc_s.so.1
7ff160ae4000-7ff160ae5000 rw-p 00017000 08:01 1316718                    /lib/x86_64-linux-gnu/libgcc_s.so.1
7ff160ae5000-7ff160c82000 r-xp 00000000 08:01 1316744                    /lib/x86_64-linux-gnu/libm-2.27.so
7ff160c82000-7ff160e81000 ---p 0019d000 08:01 1316744                    /lib/x86_64-linux-gnu/libm-2.27.so
7ff160e81000-7ff160e82000 r--p 0019c000 08:01 1316744                    /lib/x86_64-linux-gnu/libm-2.27.so
7ff160e82000-7ff160e83000 rw-p 0019d000 08:01 1316744                    /lib/x86_64-linux-gnu/libm-2.27.so
7ff160e83000-7ff160ffc000 r-xp 00000000 08:01 1581308                    /usr/lib/x86_64-linux-gnu/libstdc++.so.6.0.25
7ff160ffc000-7ff1611fc000 ---p 00179000 08:01 1581308                    /usr/lib/x86_64-linux-gnu/libstdc++.so.6.0.25
7ff1611fc000-7ff161206000 r--p 00179000 08:01 1581308                    /usr/lib/x86_64-linux-gnu/libstdc++.so.6.0.25
7ff161206000-7ff161208000 rw-p 00183000 08:01 1581308                    /usr/lib/x86_64-linux-gnu/libstdc++.so.6.0.25
7ff161208000-7ff16120c000 rw-p 00000000 00:00 0 
7ff16120c000-7ff1622b4000 r-xp 00000000 07:07 461                        /snap/intellij-idea-community/163/jbr/lib/server/libjvm.so
7ff1622b4000-7ff1624b4000 ---p 010a8000 07:07 461                        /snap/intellij-idea-community/163/jbr/lib/server/libjvm.so
7ff1624b4000-7ff162582000 r--p 010a8000 07:07 461                        /snap/intellij-idea-community/163/jbr/lib/server/libjvm.so
7ff162582000-7ff1625bc000 rw-p 01176000 07:07 461                        /snap/intellij-idea-community/163/jbr/lib/server/libjvm.so
7ff1625bc000-7ff162615000 rw-p 00000000 00:00 0 
7ff162615000-7ff1627fc000 r-xp 00000000 08:01 1316681                    /lib/x86_64-linux-gnu/libc-2.27.so
7ff1627fc000-7ff1629fc000 ---p 001e7000 08:01 1316681                    /lib/x86_64-linux-gnu/libc-2.27.so
7ff1629fc000-7ff162a00000 r--p 001e7000 08:01 1316681                    /lib/x86_64-linux-gnu/libc-2.27.so
7ff162a00000-7ff162a02000 rw-p 001eb000 08:01 1316681                    /lib/x86_64-linux-gnu/libc-2.27.so
7ff162a02000-7ff162a06000 rw-p 00000000 00:00 0 
7ff162a06000-7ff162a09000 r-xp 00000000 08:01 1316704                    /lib/x86_64-linux-gnu/libdl-2.27.so
7ff162a09000-7ff162c08000 ---p 00003000 08:01 1316704                    /lib/x86_64-linux-gnu/libdl-2.27.so
7ff162c08000-7ff162c09000 r--p 00002000 08:01 1316704                    /lib/x86_64-linux-gnu/libdl-2.27.so
7ff162c09000-7ff162c0a000 rw-p 00003000 08:01 1316704                    /lib/x86_64-linux-gnu/libdl-2.27.so
7ff162c0a000-7ff162c19000 r-xp 00000000 07:07 397                        /snap/intellij-idea-community/163/jbr/lib/jli/libjli.so
7ff162c19000-7ff162e18000 ---p 0000f000 07:07 397                        /snap/intellij-idea-community/163/jbr/lib/jli/libjli.so
7ff162e18000-7ff162e19000 r--p 0000e000 07:07 397                        /snap/intellij-idea-community/163/jbr/lib/jli/libjli.so
7ff162e19000-7ff162e1a000 rw-p 0000f000 07:07 397                        /snap/intellij-idea-community/163/jbr/lib/jli/libjli.so
7ff162e1a000-7ff162e34000 r-xp 00000000 08:01 1316814                    /lib/x86_64-linux-gnu/libpthread-2.27.so
7ff162e34000-7ff163033000 ---p 0001a000 08:01 1316814                    /lib/x86_64-linux-gnu/libpthread-2.27.so
7ff163033000-7ff163034000 r--p 00019000 08:01 1316814                    /lib/x86_64-linux-gnu/libpthread-2.27.so
7ff163034000-7ff163035000 rw-p 0001a000 08:01 1316814                    /lib/x86_64-linux-gnu/libpthread-2.27.so
7ff163035000-7ff163039000 rw-p 00000000 00:00 0 
7ff163039000-7ff163055000 r-xp 00000000 08:01 1316853                    /lib/x86_64-linux-gnu/libz.so.1.2.11
7ff163055000-7ff163254000 ---p 0001c000 08:01 1316853                    /lib/x86_64-linux-gnu/libz.so.1.2.11
7ff163254000-7ff163255000 r--p 0001b000 08:01 1316853                    /lib/x86_64-linux-gnu/libz.so.1.2.11
7ff163255000-7ff163256000 rw-p 0001c000 08:01 1316853                    /lib/x86_64-linux-gnu/libz.so.1.2.11
7ff163256000-7ff16327d000 r-xp 00000000 08:01 1316653                    /lib/x86_64-linux-gnu/ld-2.27.so
7ff1632cb000-7ff1632cf000 ---p 00000000 00:00 0 
7ff1632cf000-7ff16335e000 rw-p 00000000 00:00 0 
7ff16335e000-7ff163365000 ---p 00000000 00:00 0 
7ff163365000-7ff163369000 ---p 00000000 00:00 0 
7ff163369000-7ff16346a000 rw-p 00000000 00:00 0 
7ff163472000-7ff163473000 rwxp 00000000 00:00 0 
7ff163473000-7ff16347b000 rw-s 00000000 08:01 1180853                    /tmp/hsperfdata_suheylz/21666
7ff16347b000-7ff16347c000 ---p 00000000 00:00 0 
7ff16347c000-7ff16347d000 r--p 00000000 00:00 0 
7ff16347d000-7ff16347e000 r--p 00027000 08:01 1316653                    /lib/x86_64-linux-gnu/ld-2.27.so
7ff16347e000-7ff16347f000 rw-p 00028000 08:01 1316653                    /lib/x86_64-linux-gnu/ld-2.27.so
7ff16347f000-7ff163480000 rw-p 00000000 00:00 0 
7ffd757c1000-7ffd757e2000 rw-p 00000000 00:00 0                          [stack]
7ffd757ef000-7ffd757f2000 r--p 00000000 00:00 0                          [vvar]
7ffd757f2000-7ffd757f4000 r-xp 00000000 00:00 0                          [vdso]
ffffffffff600000-ffffffffff601000 r-xp 00000000 00:00 0                  [vsyscall]


VM Arguments:
jvm_args: -Djline.terminal=jline.UnsupportedTerminal -Dsbt.log.noformat=true -Dfile.encoding=UTF-8 -Didea.managed=true -Dfile.encoding=UTF-8 
java_command: /home/suheylz/.IdeaIC2019.2/config/plugins/Scala/launcher/sbt-launch.jar
java_class_path (initial): /home/suheylz/.IdeaIC2019.2/config/plugins/Scala/launcher/sbt-launch.jar
Launcher Type: SUN_STANDARD

[Global flags]
     intx CICompilerCount                          = 2                                         {product} {ergonomic}
     uint ConcGCThreads                            = 1                                         {product} {ergonomic}
     uint G1ConcRefinementThreads                  = 2                                         {product} {ergonomic}
   size_t G1HeapRegionSize                         = 1048576                                   {product} {ergonomic}
    uintx GCDrainStackTargetSize                   = 64                                        {product} {ergonomic}
   size_t InitialHeapSize                          = 33554432                                  {product} {ergonomic}
   size_t MarkStackSize                            = 4194304                                   {product} {ergonomic}
   size_t MaxHeapSize                              = 517996544                                 {product} {ergonomic}
   size_t MaxNewSize                               = 310378496                                 {product} {ergonomic}
   size_t MinHeapDeltaBytes                        = 1048576                                   {product} {ergonomic}
    uintx NonNMethodCodeHeapSize                   = 5824844                                {pd product} {ergonomic}
    uintx NonProfiledCodeHeapSize                  = 122916698                              {pd product} {ergonomic}
    uintx ProfiledCodeHeapSize                     = 122916698                              {pd product} {ergonomic}
    uintx ReservedCodeCacheSize                    = 251658240                              {pd product} {ergonomic}
     bool SegmentedCodeCache                       = true                                      {product} {ergonomic}
     bool UseCompressedClassPointers               = true                                 {lp64_product} {ergonomic}
     bool UseCompressedOops                        = true                                 {lp64_product} {ergonomic}
     bool UseG1GC                                  = true                                      {product} {ergonomic}

Logging:
Log output configuration:
 #0: stdout all=warning uptime,level,tags
 #1: stderr all=off uptime,level,tags

Environment Variables:
PATH=/usr/local/sbin:/usr/local/bin:/usr/sbin:/usr/bin:/sbin:/bin:/usr/games:/usr/local/games:/snap/bin
USERNAME=suheylz
SHELL=/bin/bash
DISPLAY=:0

Signal Handlers:
SIGSEGV: [libjvm.so+0xd97a90], sa_mask[0]=11111111011111111101111111111110, sa_flags=SA_RESTART|SA_SIGINFO
SIGBUS: [libjvm.so+0xd97a90], sa_mask[0]=11111111011111111101111111111110, sa_flags=SA_RESTART|SA_SIGINFO
SIGFPE: [libjvm.so+0xd97a90], sa_mask[0]=11111111011111111101111111111110, sa_flags=SA_RESTART|SA_SIGINFO
SIGPIPE: [libjvm.so+0xb99ae0], sa_mask[0]=11111111011111111101111111111110, sa_flags=SA_RESTART|SA_SIGINFO
SIGXFSZ: [libjvm.so+0xb99ae0], sa_mask[0]=11111111011111111101111111111110, sa_flags=SA_RESTART|SA_SIGINFO
SIGILL: [libjvm.so+0xd97a90], sa_mask[0]=11111111011111111101111111111110, sa_flags=SA_RESTART|SA_SIGINFO
SIGUSR2: [libjvm.so+0xb99980], sa_mask[0]=00100000000000000000000000000000, sa_flags=SA_RESTART|SA_SIGINFO
SIGHUP: [libjvm.so+0xb99b30], sa_mask[0]=11111111011111111101111111111110, sa_flags=SA_RESTART|SA_SIGINFO
SIGINT: [libjvm.so+0xb99b30], sa_mask[0]=11111111011111111101111111111110, sa_flags=SA_RESTART|SA_SIGINFO
SIGTERM: [libjvm.so+0xb99b30], sa_mask[0]=11111111011111111101111111111110, sa_flags=SA_RESTART|SA_SIGINFO
SIGQUIT: [libjvm.so+0xb99b30], sa_mask[0]=11111111011111111101111111111110, sa_flags=SA_RESTART|SA_SIGINFO


---------------  S Y S T E M  ---------------

OS:DISTRIB_ID=Ubuntu
DISTRIB_RELEASE=18.04
DISTRIB_CODENAME=bionic
DISTRIB_DESCRIPTION="Ubuntu 18.04.2 LTS"
uname:Linux 4.18.0-15-generic #16~18.04.1-Ubuntu SMP Thu Feb 7 14:06:04 UTC 2019 x86_64
libc:glibc 2.27 NPTL 2.27 
rlimit: STACK 8192k, CORE 0k, NPROC 7635, NOFILE 1048576, AS infinity, DATA infinity, FSIZE infinity
load average:5.01 1.70 0.71

/proc/meminfo:
MemTotal:        2017124 kB
MemFree:           67968 kB
MemAvailable:      32952 kB
Buffers:            4752 kB
Cached:            38868 kB
SwapCached:         1428 kB
Active:          1054840 kB
Inactive:         365732 kB
Active(anon):    1033560 kB
Inactive(anon):   344728 kB
Active(file):      21280 kB
Inactive(file):    21004 kB
Unevictable:          32 kB
Mlocked:              32 kB
SwapTotal:       1459804 kB
SwapFree:            236 kB
Dirty:               136 kB
Writeback:             0 kB
AnonPages:       1375756 kB
Mapped:            28236 kB
Shmem:              1256 kB
Slab:             105980 kB
SReclaimable:      37940 kB
SUnreclaim:        68040 kB
KernelStack:       15120 kB
PageTables:        54452 kB
NFS_Unstable:          0 kB
Bounce:                0 kB
WritebackTmp:          0 kB
CommitLimit:     2468364 kB
Committed_AS:    6991828 kB
VmallocTotal:   34359738367 kB
VmallocUsed:           0 kB
VmallocChunk:          0 kB
HardwareCorrupted:     0 kB
AnonHugePages:         0 kB
ShmemHugePages:        0 kB
ShmemPmdMapped:        0 kB
CmaTotal:              0 kB
CmaFree:               0 kB
HugePages_Total:       0
HugePages_Free:        0
HugePages_Rsvd:        0
HugePages_Surp:        0
Hugepagesize:       2048 kB
Hugetlb:               0 kB
DirectMap4k:      292736 kB
DirectMap2M:     1804288 kB
DirectMap1G:           0 kB


/proc/sys/kernel/threads-max (system-wide limit on the number of threads):
15270


/proc/sys/vm/max_map_count (maximum number of memory map areas a process may have):
65530


/proc/sys/kernel/pid_max (system-wide limit on number of process identifiers):
131072



container (cgroup) information:
container_type: cgroupv1
cpu_cpuset_cpus: 0-1
cpu_memory_nodes: 0
active_processor_count: 2
cpu_quota: -1
cpu_period: 100000
cpu_shares: -1
memory_limit_in_bytes: -1
memory_and_swap_limit_in_bytes: -2
memory_soft_limit_in_bytes: -1
memory_usage_in_bytes: 1453744128
memory_max_usage_in_bytes: 123592704


CPU:total 2 (initial active 2) (2 cores per cpu, 1 threads per core) family 6 model 60 stepping 3, cmov, cx8, fxsr, mmx, sse, sse2, sse3, ssse3, sse4.1, sse4.2, popcnt, avx, avx2, aes, clmul, erms, lzcnt, tsc, tscinvbit, bmi1, bmi2, fma
CPU Model and flags from /proc/cpuinfo:
model name	: Intel(R) Core(TM) i7-4710MQ CPU @ 2.50GHz
flags		: fpu vme de pse tsc msr pae mce cx8 apic sep mtrr pge mca cmov pat pse36 clflush mmx fxsr sse sse2 ss ht syscall nx pdpe1gb rdtscp lm constant_tsc arch_perfmon nopl xtopology tsc_reliable nonstop_tsc cpuid pni pclmulqdq ssse3 fma cx16 pcid sse4_1 sse4_2 x2apic movbe popcnt tsc_deadline_timer aes xsave avx f16c rdrand hypervisor lahf_lm abm cpuid_fault invpcid_single pti ssbd ibrs ibpb stibp fsgsbase tsc_adjust bmi1 avx2 smep bmi2 invpcid xsaveopt arat flush_l1d arch_capabilities

Memory: 4k page, physical 2017124k(67968k free), swap 1459804k(236k free)

vm_info: OpenJDK 64-Bit Server VM (11.0.3+12-b304.10) for linux-amd64 JRE (11.0.3+12-b304.10), built on Jun 25 2019 04:28:12 by "" with gcc 4.8.5 20150623 (Red Hat 4.8.5-28)

END.
